<?xml version="1.0" encoding="UTF-8"?>
<testng-results skipped="0" failed="1" ignored="0" total="2" passed="1">
  <reporter-output>
  </reporter-output>
  <suite name="Default suite" duration-ms="25391" started-at="2021-02-24T02:02:52 CET" finished-at="2021-02-24T02:03:18 CET">
    <groups>
    </groups>
    <test name="Default test" duration-ms="25391" started-at="2021-02-24T02:02:52 CET" finished-at="2021-02-24T02:03:18 CET">
      <class name="tests.ProfileTest">
        <test-method status="PASS" signature="setup()[pri:0, instance:tests.ProfileTest@694e1548]" name="setup" is-config="true" duration-ms="2627" started-at="2021-02-24T02:02:52 CET" finished-at="2021-02-24T02:02:55 CET">
          <reporter-output>
          </reporter-output>
        </test-method> <!-- setup -->
        <test-method status="PASS" signature="editProfile()[pri:5, instance:tests.ProfileTest@694e1548]" name="editProfile" duration-ms="13912" started-at="2021-02-24T02:02:55 CET" finished-at="2021-02-24T02:03:09 CET">
          <reporter-output>
          </reporter-output>
        </test-method> <!-- editProfile -->
        <test-method status="PASS" signature="afterTest(org.testng.ITestResult)[pri:0, instance:tests.ProfileTest@694e1548]" name="afterTest" is-config="true" duration-ms="1468" started-at="2021-02-24T02:03:09 CET" finished-at="2021-02-24T02:03:10 CET">
          <params>
            <param index="0">
              <value>
                <![CDATA[[TestResult name=editProfile status=SUCCESS method=ProfileTest.editProfile()[pri:5, instance:tests.ProfileTest@694e1548] output={null}]]]>
              </value>
            </param>
          </params>
          <reporter-output>
          </reporter-output>
        </test-method> <!-- afterTest -->
        <test-method status="FAIL" signature="ChangeProfileImage()[pri:10, instance:tests.ProfileTest@694e1548]" name="ChangeProfileImage" duration-ms="4364" started-at="2021-02-24T02:03:10 CET" finished-at="2021-02-24T02:03:15 CET">
          <exception class="java.lang.NullPointerException">
            <full-stacktrace>
              <![CDATA[java.lang.NullPointerException
at pages.ProfilePage.uploadImage(ProfilePage.java:70)
at tests.ProfileTest.ChangeProfileImage(ProfileTest.java:66)
at sun.reflect.NativeMethodAccessorImpl.invoke0(Native Method)
at sun.reflect.NativeMethodAccessorImpl.invoke(Unknown Source)
at sun.reflect.DelegatingMethodAccessorImpl.invoke(Unknown Source)
at java.lang.reflect.Method.invoke(Unknown Source)
at org.testng.internal.MethodInvocationHelper.invokeMethod(MethodInvocationHelper.java:132)
at org.testng.internal.TestInvoker.invokeMethod(TestInvoker.java:599)
at org.testng.internal.TestInvoker.invokeTestMethod(TestInvoker.java:174)
at org.testng.internal.MethodRunner.runInSequence(MethodRunner.java:46)
at org.testng.internal.TestInvoker$MethodInvocationAgent.invoke(TestInvoker.java:822)
at org.testng.internal.TestInvoker.invokeTestMethods(TestInvoker.java:147)
at org.testng.internal.TestMethodWorker.invokeTestMethods(TestMethodWorker.java:146)
at org.testng.internal.TestMethodWorker.run(TestMethodWorker.java:128)
at java.util.ArrayList.forEach(Unknown Source)
at org.testng.TestRunner.privateRun(TestRunner.java:764)
at org.testng.TestRunner.run(TestRunner.java:585)
at org.testng.SuiteRunner.runTest(SuiteRunner.java:384)
at org.testng.SuiteRunner.runSequentially(SuiteRunner.java:378)
at org.testng.SuiteRunner.privateRun(SuiteRunner.java:337)
at org.testng.SuiteRunner.run(SuiteRunner.java:286)
at org.testng.SuiteRunnerWorker.runSuite(SuiteRunnerWorker.java:53)
at org.testng.SuiteRunnerWorker.run(SuiteRunnerWorker.java:96)
at org.testng.TestNG.runSuitesSequentially(TestNG.java:1218)
at org.testng.TestNG.runSuitesLocally(TestNG.java:1140)
at org.testng.TestNG.runSuites(TestNG.java:1069)
at org.testng.TestNG.run(TestNG.java:1037)
at org.testng.remote.AbstractRemoteTestNG.run(AbstractRemoteTestNG.java:115)
at org.testng.remote.RemoteTestNG.initAndRun(RemoteTestNG.java:251)
at org.testng.remote.RemoteTestNG.main(RemoteTestNG.java:77)
]]>
            </full-stacktrace>
          </exception> <!-- java.lang.NullPointerException -->
          <reporter-output>
          </reporter-output>
        </test-method> <!-- ChangeProfileImage -->
        <test-method status="PASS" signature="afterTest(org.testng.ITestResult)[pri:0, instance:tests.ProfileTest@694e1548]" name="afterTest" is-config="true" duration-ms="2113" started-at="2021-02-24T02:03:15 CET" finished-at="2021-02-24T02:03:17 CET">
          <params>
            <param index="0">
              <value>
                <![CDATA[[TestResult name=ChangeProfileImage status=FAILURE method=ProfileTest.ChangeProfileImage()[pri:10, instance:tests.ProfileTest@694e1548] output={null}]]]>
              </value>
            </param>
          </params>
          <reporter-output>
          </reporter-output>
        </test-method> <!-- afterTest -->
        <test-method status="PASS" signature="Quit()[pri:0, instance:tests.ProfileTest@694e1548]" name="Quit" is-config="true" duration-ms="856" started-at="2021-02-24T02:03:17 CET" finished-at="2021-02-24T02:03:18 CET">
          <reporter-output>
          </reporter-output>
        </test-method> <!-- Quit -->
      </class> <!-- tests.ProfileTest -->
    </test> <!-- Default test -->
  </suite> <!-- Default suite -->
</testng-results>
