<?xml version="1.0" encoding="UTF-8"?>
<testng-results skipped="0" failed="1" ignored="0" total="3" passed="2">
  <reporter-output>
  </reporter-output>
  <suite name="Default suite" duration-ms="45810" started-at="2021-02-25T02:17:27 CET" finished-at="2021-02-25T02:18:13 CET">
    <groups>
    </groups>
    <test name="Default test" duration-ms="45810" started-at="2021-02-25T02:17:27 CET" finished-at="2021-02-25T02:18:13 CET">
      <class name="tests.MealItemTest">
        <test-method status="PASS" signature="setup()[pri:0, instance:tests.MealItemTest@694e1548]" name="setup" is-config="true" duration-ms="3054" started-at="2021-02-25T02:17:27 CET" finished-at="2021-02-25T02:17:30 CET">
          <reporter-output>
          </reporter-output>
        </test-method> <!-- setup -->
        <test-method status="PASS" signature="addMealToCart()[pri:5, instance:tests.MealItemTest@694e1548]" name="addMealToCart" duration-ms="20040" started-at="2021-02-25T02:17:30 CET" finished-at="2021-02-25T02:17:51 CET">
          <reporter-output>
          </reporter-output>
        </test-method> <!-- addMealToCart -->
        <test-method status="PASS" signature="afterTest(org.testng.ITestResult)[pri:0, instance:tests.MealItemTest@694e1548]" name="afterTest" is-config="true" duration-ms="1757" started-at="2021-02-25T02:17:51 CET" finished-at="2021-02-25T02:17:52 CET">
          <params>
            <param index="0">
              <value>
                <![CDATA[[TestResult name=addMealToCart status=SUCCESS method=MealItemTest.addMealToCart()[pri:5, instance:tests.MealItemTest@694e1548] output={null}]]]>
              </value>
            </param>
          </params>
          <reporter-output>
          </reporter-output>
        </test-method> <!-- afterTest -->
        <test-method status="PASS" signature="addMealToFavorite()[pri:10, instance:tests.MealItemTest@694e1548]" name="addMealToFavorite" duration-ms="11748" started-at="2021-02-25T02:17:52 CET" finished-at="2021-02-25T02:18:04 CET">
          <reporter-output>
          </reporter-output>
        </test-method> <!-- addMealToFavorite -->
        <test-method status="PASS" signature="afterTest(org.testng.ITestResult)[pri:0, instance:tests.MealItemTest@694e1548]" name="afterTest" is-config="true" duration-ms="1566" started-at="2021-02-25T02:18:04 CET" finished-at="2021-02-25T02:18:06 CET">
          <params>
            <param index="0">
              <value>
                <![CDATA[[TestResult name=addMealToFavorite status=SUCCESS method=MealItemTest.addMealToFavorite()[pri:10, instance:tests.MealItemTest@694e1548] output={null}]]]>
              </value>
            </param>
          </params>
          <reporter-output>
          </reporter-output>
        </test-method> <!-- afterTest -->
        <test-method status="FAIL" signature="clearCart()[pri:15, instance:tests.MealItemTest@694e1548]" name="clearCart" duration-ms="3337" started-at="2021-02-25T02:18:06 CET" finished-at="2021-02-25T02:18:09 CET">
          <exception class="org.openqa.selenium.ElementClickInterceptedException">
            <message>
              <![CDATA[element click intercepted: Element <div class="location-selector">...</div> is not clickable at point (195, 19). Other element would receive the click: <span class="pop-model-overlay"></span>
  (Session info: chrome=88.0.4324.182)
Build info: version: '3.141.59', revision: 'e82be7d358', time: '2018-11-14T08:25:48'
System info: host: 'DESKTOP-5PQ2I20', ip: '192.168.0.198', os.name: 'Windows 10', os.arch: 'amd64', os.version: '10.0', java.version: '1.8.0_281'
Driver info: org.openqa.selenium.chrome.ChromeDriver
Capabilities {acceptInsecureCerts: false, browserName: chrome, browserVersion: 88.0.4324.182, chrome: {chromedriverVersion: 88.0.4324.96 (68dba2d8a0b14..., userDataDir: C:\Users\Zarko\AppData\Loca...}, goog:chromeOptions: {debuggerAddress: localhost:59771}, javascriptEnabled: true, networkConnectionEnabled: false, pageLoadStrategy: normal, platform: WINDOWS, platformName: WINDOWS, proxy: Proxy(), setWindowRect: true, strictFileInteractability: false, timeouts: {implicit: 0, pageLoad: 300000, script: 30000}, unhandledPromptBehavior: dismiss and notify, webauthn:extension:largeBlob: true, webauthn:virtualAuthenticators: true}
Session ID: 9b1e86525bbc8412a9c754ec9c8a88af]]>
            </message>
            <full-stacktrace>
              <![CDATA[org.openqa.selenium.ElementClickInterceptedException: element click intercepted: Element <div class="location-selector">...</div> is not clickable at point (195, 19). Other element would receive the click: <span class="pop-model-overlay"></span>
  (Session info: chrome=88.0.4324.182)
Build info: version: '3.141.59', revision: 'e82be7d358', time: '2018-11-14T08:25:48'
System info: host: 'DESKTOP-5PQ2I20', ip: '192.168.0.198', os.name: 'Windows 10', os.arch: 'amd64', os.version: '10.0', java.version: '1.8.0_281'
Driver info: org.openqa.selenium.chrome.ChromeDriver
Capabilities {acceptInsecureCerts: false, browserName: chrome, browserVersion: 88.0.4324.182, chrome: {chromedriverVersion: 88.0.4324.96 (68dba2d8a0b14..., userDataDir: C:\Users\Zarko\AppData\Loca...}, goog:chromeOptions: {debuggerAddress: localhost:59771}, javascriptEnabled: true, networkConnectionEnabled: false, pageLoadStrategy: normal, platform: WINDOWS, platformName: WINDOWS, proxy: Proxy(), setWindowRect: true, strictFileInteractability: false, timeouts: {implicit: 0, pageLoad: 300000, script: 30000}, unhandledPromptBehavior: dismiss and notify, webauthn:extension:largeBlob: true, webauthn:virtualAuthenticators: true}
Session ID: 9b1e86525bbc8412a9c754ec9c8a88af
at sun.reflect.NativeConstructorAccessorImpl.newInstance0(Native Method)
at sun.reflect.NativeConstructorAccessorImpl.newInstance(Unknown Source)
at sun.reflect.DelegatingConstructorAccessorImpl.newInstance(Unknown Source)
at java.lang.reflect.Constructor.newInstance(Unknown Source)
at org.openqa.selenium.remote.http.W3CHttpResponseCodec.createException(W3CHttpResponseCodec.java:187)
at org.openqa.selenium.remote.http.W3CHttpResponseCodec.decode(W3CHttpResponseCodec.java:122)
at org.openqa.selenium.remote.http.W3CHttpResponseCodec.decode(W3CHttpResponseCodec.java:49)
at org.openqa.selenium.remote.HttpCommandExecutor.execute(HttpCommandExecutor.java:158)
at org.openqa.selenium.remote.service.DriverCommandExecutor.execute(DriverCommandExecutor.java:83)
at org.openqa.selenium.remote.RemoteWebDriver.execute(RemoteWebDriver.java:552)
at org.openqa.selenium.remote.RemoteWebElement.execute(RemoteWebElement.java:285)
at org.openqa.selenium.remote.RemoteWebElement.click(RemoteWebElement.java:84)
at pages.LocationPopupPage.setLocationName(LocationPopupPage.java:42)
at tests.MealItemTest.clearCart(MealItemTest.java:79)
at sun.reflect.NativeMethodAccessorImpl.invoke0(Native Method)
at sun.reflect.NativeMethodAccessorImpl.invoke(Unknown Source)
at sun.reflect.DelegatingMethodAccessorImpl.invoke(Unknown Source)
at java.lang.reflect.Method.invoke(Unknown Source)
at org.testng.internal.MethodInvocationHelper.invokeMethod(MethodInvocationHelper.java:132)
at org.testng.internal.TestInvoker.invokeMethod(TestInvoker.java:599)
at org.testng.internal.TestInvoker.invokeTestMethod(TestInvoker.java:174)
at org.testng.internal.MethodRunner.runInSequence(MethodRunner.java:46)
at org.testng.internal.TestInvoker$MethodInvocationAgent.invoke(TestInvoker.java:822)
at org.testng.internal.TestInvoker.invokeTestMethods(TestInvoker.java:147)
at org.testng.internal.TestMethodWorker.invokeTestMethods(TestMethodWorker.java:146)
at org.testng.internal.TestMethodWorker.run(TestMethodWorker.java:128)
at java.util.ArrayList.forEach(Unknown Source)
at org.testng.TestRunner.privateRun(TestRunner.java:764)
at org.testng.TestRunner.run(TestRunner.java:585)
at org.testng.SuiteRunner.runTest(SuiteRunner.java:384)
at org.testng.SuiteRunner.runSequentially(SuiteRunner.java:378)
at org.testng.SuiteRunner.privateRun(SuiteRunner.java:337)
at org.testng.SuiteRunner.run(SuiteRunner.java:286)
at org.testng.SuiteRunnerWorker.runSuite(SuiteRunnerWorker.java:53)
at org.testng.SuiteRunnerWorker.run(SuiteRunnerWorker.java:96)
at org.testng.TestNG.runSuitesSequentially(TestNG.java:1218)
at org.testng.TestNG.runSuitesLocally(TestNG.java:1140)
at org.testng.TestNG.runSuites(TestNG.java:1069)
at org.testng.TestNG.run(TestNG.java:1037)
at org.testng.remote.AbstractRemoteTestNG.run(AbstractRemoteTestNG.java:115)
at org.testng.remote.RemoteTestNG.initAndRun(RemoteTestNG.java:251)
at org.testng.remote.RemoteTestNG.main(RemoteTestNG.java:77)
]]>
            </full-stacktrace>
          </exception> <!-- org.openqa.selenium.ElementClickInterceptedException -->
          <reporter-output>
          </reporter-output>
        </test-method> <!-- clearCart -->
        <test-method status="PASS" signature="afterTest(org.testng.ITestResult)[pri:0, instance:tests.MealItemTest@694e1548]" name="afterTest" is-config="true" duration-ms="3171" started-at="2021-02-25T02:18:09 CET" finished-at="2021-02-25T02:18:12 CET">
          <params>
            <param index="0">
              <value>
                <![CDATA[[TestResult name=clearCart status=FAILURE method=MealItemTest.clearCart()[pri:15, instance:tests.MealItemTest@694e1548] output={null}]]]>
              </value>
            </param>
          </params>
          <reporter-output>
          </reporter-output>
        </test-method> <!-- afterTest -->
        <test-method status="PASS" signature="Quit()[pri:0, instance:tests.MealItemTest@694e1548]" name="Quit" is-config="true" duration-ms="1071" started-at="2021-02-25T02:18:12 CET" finished-at="2021-02-25T02:18:13 CET">
          <reporter-output>
          </reporter-output>
        </test-method> <!-- Quit -->
      </class> <!-- tests.MealItemTest -->
    </test> <!-- Default test -->
  </suite> <!-- Default suite -->
</testng-results>
