<?xml version="1.0" encoding="UTF-8"?>
<testng-results skipped="0" failed="0" ignored="0" total="1" passed="1">
  <reporter-output>
  </reporter-output>
  <suite name="Default suite" duration-ms="160165" started-at="2021-02-25T19:43:17 CET" finished-at="2021-02-25T19:45:57 CET">
    <groups>
    </groups>
    <test name="Default test" duration-ms="160165" started-at="2021-02-25T19:43:17 CET" finished-at="2021-02-25T19:45:57 CET">
      <class name="tests.SearchTest">
        <test-method status="PASS" signature="setup()[pri:0, instance:tests.SearchTest@694e1548]" name="setup" is-config="true" duration-ms="3199" started-at="2021-02-25T19:43:17 CET" finished-at="2021-02-25T19:43:20 CET">
          <reporter-output>
          </reporter-output>
        </test-method> <!-- setup -->
        <test-method status="PASS" signature="searchResultsTest()[pri:0, instance:tests.SearchTest@694e1548]" name="searchResultsTest" duration-ms="154162" started-at="2021-02-25T19:43:20 CET" finished-at="2021-02-25T19:45:54 CET">
          <reporter-output>
          </reporter-output>
        </test-method> <!-- searchResultsTest -->
        <test-method status="PASS" signature="afterTest(org.testng.ITestResult)[pri:0, instance:tests.SearchTest@694e1548]" name="afterTest" is-config="true" duration-ms="1908" started-at="2021-02-25T19:45:54 CET" finished-at="2021-02-25T19:45:56 CET">
          <params>
            <param index="0">
              <value>
                <![CDATA[[TestResult name=searchResultsTest status=SUCCESS method=SearchTest.searchResultsTest()[pri:0, instance:tests.SearchTest@694e1548] output={null}]]]>
              </value>
            </param>
          </params>
          <reporter-output>
          </reporter-output>
        </test-method> <!-- afterTest -->
        <test-method status="PASS" signature="Quit()[pri:0, instance:tests.SearchTest@694e1548]" name="Quit" is-config="true" duration-ms="850" started-at="2021-02-25T19:45:56 CET" finished-at="2021-02-25T19:45:57 CET">
          <reporter-output>
          </reporter-output>
        </test-method> <!-- Quit -->
      </class> <!-- tests.SearchTest -->
    </test> <!-- Default test -->
  </suite> <!-- Default suite -->
</testng-results>
