<?xml version="1.0" encoding="UTF-8"?>
<testng-results skipped="0" failed="0" ignored="0" total="1" passed="1">
  <reporter-output>
  </reporter-output>
  <suite name="Default suite" duration-ms="32159" started-at="2021-02-25T00:37:25 CET" finished-at="2021-02-25T00:37:57 CET">
    <groups>
    </groups>
    <test name="Default test" duration-ms="32159" started-at="2021-02-25T00:37:25 CET" finished-at="2021-02-25T00:37:57 CET">
      <class name="tests.MealItemTest">
        <test-method status="PASS" signature="setup()[pri:0, instance:tests.MealItemTest@1f554b06]" name="setup" is-config="true" duration-ms="6176" started-at="2021-02-25T00:37:25 CET" finished-at="2021-02-25T00:37:31 CET">
          <reporter-output>
          </reporter-output>
        </test-method> <!-- setup -->
        <test-method status="PASS" signature="addMealToCart()[pri:5, instance:tests.MealItemTest@1f554b06]" name="addMealToCart" duration-ms="22917" started-at="2021-02-25T00:37:31 CET" finished-at="2021-02-25T00:37:54 CET">
          <reporter-output>
          </reporter-output>
        </test-method> <!-- addMealToCart -->
        <test-method status="PASS" signature="afterTest(org.testng.ITestResult)[pri:0, instance:tests.MealItemTest@1f554b06]" name="afterTest" is-config="true" duration-ms="2950" started-at="2021-02-25T00:37:54 CET" finished-at="2021-02-25T00:37:57 CET">
          <params>
            <param index="0">
              <value>
                <![CDATA[[TestResult name=addMealToCart status=SUCCESS method=MealItemTest.addMealToCart()[pri:5, instance:tests.MealItemTest@1f554b06] output={null}]]]>
              </value>
            </param>
          </params>
          <reporter-output>
          </reporter-output>
        </test-method> <!-- afterTest -->
      </class> <!-- tests.MealItemTest -->
    </test> <!-- Default test -->
  </suite> <!-- Default suite -->
</testng-results>
